1763494666.651101 client started (58137): version 3.5a, socket /private/tmp/tmux-502/default, protocol 8
1763494666.651178 on Darwin 24.6.0 Darwin Kernel Version 24.6.0: Mon Jul 14 11:30:40 PDT 2025; root:xnu-11417.140.69~1/RELEASE_ARM64_T8132
1763494666.651189 using libevent 2.1.12-stable select
1763494666.651222 using utf8proc 2.11.1
1763494666.651230 using ncurses 6.5 20240427
1763494666.651246 flags are 0x18010000
1763494666.651253 socket is /private/tmp/tmux-502/default
1763494666.651271 trying connect
1763494666.651294 connect failed: No such file or directory
1763494666.651313 lock file is /private/tmp/tmux-502/default.lock
1763494666.651416 flock succeeded
1763494666.651425 got lock (6)
1763494666.651434 trying connect
1763494666.651446 connect failed: No such file or directory
1763494666.651992 add peer 0x140008000: 7 (0x0)
1763494666.654595 sending message 111 to peer 0x140008000 (8 bytes)
1763494666.654617 sending message 111 to peer 0x140008000 (8 bytes)
1763494666.654626 sending message 101 to peer 0x140008000 (15 bytes)
1763494666.654635 sending message 109 to peer 0x140008000 (4 bytes)
1763494666.654646 sending message 102 to peer 0x140008000 (13 bytes)
1763494666.654655 sending message 108 to peer 0x140008000 (29 bytes)
1763494666.654663 sending message 112 to peer 0x140008000 (58 bytes)
1763494666.654671 sending message 112 to peer 0x140008000 (5 bytes)
1763494666.654679 sending message 112 to peer 0x140008000 (5 bytes)
1763494666.654686 sending message 112 to peer 0x140008000 (6 bytes)
1763494666.654694 sending message 112 to peer 0x140008000 (6 bytes)
1763494666.654702 sending message 112 to peer 0x140008000 (11 bytes)
1763494666.654709 sending message 112 to peer 0x140008000 (10 bytes)
1763494666.654718 sending message 112 to peer 0x140008000 (13 bytes)
1763494666.654726 sending message 112 to peer 0x140008000 (14 bytes)
1763494666.654734 sending message 112 to peer 0x140008000 (19 bytes)
1763494666.654742 sending message 112 to peer 0x140008000 (11 bytes)
1763494666.654749 sending message 112 to peer 0x140008000 (10 bytes)
1763494666.654758 sending message 112 to peer 0x140008000 (15 bytes)
1763494666.654765 sending message 112 to peer 0x140008000 (21 bytes)
1763494666.654774 sending message 112 to peer 0x140008000 (13 bytes)
1763494666.654781 sending message 112 to peer 0x140008000 (7 bytes)
1763494666.654789 sending message 112 to peer 0x140008000 (13 bytes)
1763494666.654796 sending message 112 to peer 0x140008000 (7 bytes)
1763494666.654804 sending message 112 to peer 0x140008000 (13 bytes)
1763494666.654811 sending message 112 to peer 0x140008000 (9 bytes)
1763494666.654819 sending message 112 to peer 0x140008000 (21 bytes)
1763494666.654825 sending message 112 to peer 0x140008000 (13 bytes)
1763494666.654832 sending message 112 to peer 0x140008000 (9 bytes)
1763494666.654839 sending message 112 to peer 0x140008000 (16 bytes)
1763494666.654845 sending message 112 to peer 0x140008000 (13 bytes)
1763494666.654852 sending message 112 to peer 0x140008000 (9 bytes)
1763494666.654859 sending message 112 to peer 0x140008000 (9 bytes)
1763494666.654866 sending message 112 to peer 0x140008000 (12 bytes)
1763494666.654874 sending message 112 to peer 0x140008000 (8 bytes)
1763494666.654882 sending message 112 to peer 0x140008000 (8 bytes)
1763494666.654890 sending message 112 to peer 0x140008000 (13 bytes)
1763494666.654897 sending message 112 to peer 0x140008000 (7 bytes)
1763494666.654906 sending message 112 to peer 0x140008000 (7 bytes)
1763494666.654913 sending message 112 to peer 0x140008000 (9 bytes)
1763494666.654920 sending message 112 to peer 0x140008000 (9 bytes)
1763494666.654928 sending message 112 to peer 0x140008000 (15 bytes)
1763494666.654937 sending message 112 to peer 0x140008000 (13 bytes)
1763494666.654944 sending message 112 to peer 0x140008000 (12 bytes)
1763494666.654953 sending message 112 to peer 0x140008000 (8 bytes)
1763494666.654960 sending message 112 to peer 0x140008000 (14 bytes)
1763494666.654967 sending message 112 to peer 0x140008000 (11 bytes)
1763494666.654974 sending message 112 to peer 0x140008000 (9 bytes)
1763494666.655001 sending message 112 to peer 0x140008000 (10 bytes)
1763494666.655007 sending message 112 to peer 0x140008000 (10 bytes)
1763494666.655012 sending message 112 to peer 0x140008000 (10 bytes)
1763494666.655017 sending message 112 to peer 0x140008000 (10 bytes)
1763494666.655022 sending message 112 to peer 0x140008000 (11 bytes)
1763494666.655027 sending message 112 to peer 0x140008000 (12 bytes)
1763494666.655032 sending message 112 to peer 0x140008000 (12 bytes)
1763494666.655038 sending message 112 to peer 0x140008000 (12 bytes)
1763494666.655043 sending message 112 to peer 0x140008000 (12 bytes)
1763494666.655049 sending message 112 to peer 0x140008000 (12 bytes)
1763494666.655055 sending message 112 to peer 0x140008000 (11 bytes)
1763494666.655061 sending message 112 to peer 0x140008000 (11 bytes)
1763494666.655066 sending message 112 to peer 0x140008000 (12 bytes)
1763494666.655072 sending message 112 to peer 0x140008000 (12 bytes)
1763494666.655078 sending message 112 to peer 0x140008000 (12 bytes)
1763494666.655083 sending message 112 to peer 0x140008000 (12 bytes)
1763494666.655090 sending message 112 to peer 0x140008000 (12 bytes)
1763494666.655095 sending message 112 to peer 0x140008000 (9 bytes)
1763494666.655100 sending message 112 to peer 0x140008000 (12 bytes)
1763494666.655105 sending message 112 to peer 0x140008000 (13 bytes)
1763494666.655110 sending message 112 to peer 0x140008000 (13 bytes)
1763494666.655115 sending message 112 to peer 0x140008000 (13 bytes)
1763494666.655120 sending message 112 to peer 0x140008000 (13 bytes)
1763494666.655125 sending message 112 to peer 0x140008000 (13 bytes)
1763494666.655130 sending message 112 to peer 0x140008000 (8 bytes)
1763494666.655135 sending message 112 to peer 0x140008000 (11 bytes)
1763494666.655140 sending message 112 to peer 0x140008000 (11 bytes)
1763494666.655145 sending message 112 to peer 0x140008000 (11 bytes)
1763494666.655150 sending message 112 to peer 0x140008000 (12 bytes)
1763494666.655156 sending message 112 to peer 0x140008000 (12 bytes)
1763494666.655162 sending message 112 to peer 0x140008000 (12 bytes)
1763494666.655168 sending message 112 to peer 0x140008000 (12 bytes)
1763494666.655174 sending message 112 to peer 0x140008000 (13 bytes)
1763494666.655180 sending message 112 to peer 0x140008000 (13 bytes)
1763494666.655188 sending message 112 to peer 0x140008000 (13 bytes)
1763494666.655194 sending message 112 to peer 0x140008000 (8 bytes)
1763494666.655200 sending message 112 to peer 0x140008000 (13 bytes)
1763494666.655205 sending message 112 to peer 0x140008000 (13 bytes)
1763494666.655211 sending message 112 to peer 0x140008000 (13 bytes)
1763494666.655217 sending message 112 to peer 0x140008000 (13 bytes)
1763494666.655223 sending message 112 to peer 0x140008000 (13 bytes)
1763494666.655228 sending message 112 to peer 0x140008000 (12 bytes)
1763494666.655234 sending message 112 to peer 0x140008000 (12 bytes)
1763494666.655239 sending message 112 to peer 0x140008000 (12 bytes)
1763494666.655245 sending message 112 to peer 0x140008000 (12 bytes)
1763494666.655251 sending message 112 to peer 0x140008000 (13 bytes)
1763494666.655257 sending message 112 to peer 0x140008000 (8 bytes)
1763494666.655262 sending message 112 to peer 0x140008000 (13 bytes)
1763494666.655268 sending message 112 to peer 0x140008000 (13 bytes)
1763494666.655273 sending message 112 to peer 0x140008000 (13 bytes)
1763494666.655279 sending message 112 to peer 0x140008000 (13 bytes)
1763494666.655285 sending message 112 to peer 0x140008000 (13 bytes)
1763494666.655291 sending message 112 to peer 0x140008000 (13 bytes)
1763494666.655296 sending message 112 to peer 0x140008000 (13 bytes)
1763494666.655302 sending message 112 to peer 0x140008000 (12 bytes)
1763494666.655308 sending message 112 to peer 0x140008000 (12 bytes)
1763494666.655314 sending message 112 to peer 0x140008000 (12 bytes)
1763494666.655318 sending message 112 to peer 0x140008000 (8 bytes)
1763494666.655324 sending message 112 to peer 0x140008000 (12 bytes)
1763494666.655337 sending message 112 to peer 0x140008000 (13 bytes)
1763494666.655343 sending message 112 to peer 0x140008000 (13 bytes)
1763494666.655349 sending message 112 to peer 0x140008000 (13 bytes)
1763494666.655355 sending message 112 to peer 0x140008000 (13 bytes)
1763494666.655361 sending message 112 to peer 0x140008000 (13 bytes)
1763494666.655366 sending message 112 to peer 0x140008000 (13 bytes)
1763494666.655372 sending message 112 to peer 0x140008000 (13 bytes)
1763494666.655379 sending message 112 to peer 0x140008000 (13 bytes)
1763494666.655385 sending message 112 to peer 0x140008000 (12 bytes)
1763494666.655391 sending message 112 to peer 0x140008000 (10 bytes)
1763494666.655397 sending message 112 to peer 0x140008000 (12 bytes)
1763494666.655402 sending message 112 to peer 0x140008000 (12 bytes)
1763494666.655407 sending message 112 to peer 0x140008000 (12 bytes)
1763494666.655412 sending message 112 to peer 0x140008000 (13 bytes)
1763494666.655417 sending message 112 to peer 0x140008000 (13 bytes)
1763494666.655422 sending message 112 to peer 0x140008000 (13 bytes)
1763494666.655427 sending message 112 to peer 0x140008000 (13 bytes)
1763494666.655432 sending message 112 to peer 0x140008000 (13 bytes)
1763494666.655436 sending message 112 to peer 0x140008000 (13 bytes)
1763494666.655441 sending message 112 to peer 0x140008000 (13 bytes)
1763494666.655446 sending message 112 to peer 0x140008000 (10 bytes)
1763494666.655451 sending message 112 to peer 0x140008000 (13 bytes)
1763494666.655456 sending message 112 to peer 0x140008000 (12 bytes)
1763494666.655461 sending message 112 to peer 0x140008000 (12 bytes)
1763494666.655466 sending message 112 to peer 0x140008000 (12 bytes)
1763494666.655471 sending message 112 to peer 0x140008000 (10 bytes)
1763494666.655476 sending message 112 to peer 0x140008000 (10 bytes)
1763494666.655480 sending message 112 to peer 0x140008000 (10 bytes)
1763494666.655485 sending message 112 to peer 0x140008000 (12 bytes)
1763494666.655489 sending message 112 to peer 0x140008000 (13 bytes)
1763494666.655494 sending message 112 to peer 0x140008000 (13 bytes)
1763494666.655499 sending message 112 to peer 0x140008000 (13 bytes)
1763494666.655505 sending message 112 to peer 0x140008000 (13 bytes)
1763494666.655510 sending message 112 to peer 0x140008000 (13 bytes)
1763494666.655515 sending message 112 to peer 0x140008000 (10 bytes)
1763494666.655520 sending message 112 to peer 0x140008000 (11 bytes)
1763494666.655526 sending message 112 to peer 0x140008000 (12 bytes)
1763494666.655531 sending message 112 to peer 0x140008000 (12 bytes)
1763494666.655536 sending message 112 to peer 0x140008000 (12 bytes)
1763494666.655541 sending message 112 to peer 0x140008000 (12 bytes)
1763494666.655546 sending message 112 to peer 0x140008000 (12 bytes)
1763494666.655551 sending message 112 to peer 0x140008000 (11 bytes)
1763494666.655556 sending message 112 to peer 0x140008000 (12 bytes)
1763494666.655562 sending message 112 to peer 0x140008000 (12 bytes)
1763494666.655567 sending message 112 to peer 0x140008000 (13 bytes)
1763494666.655572 sending message 112 to peer 0x140008000 (13 bytes)
1763494666.655577 sending message 112 to peer 0x140008000 (13 bytes)
1763494666.655582 sending message 112 to peer 0x140008000 (13 bytes)
1763494666.655587 sending message 112 to peer 0x140008000 (13 bytes)
1763494666.655592 sending message 112 to peer 0x140008000 (10 bytes)
1763494666.655598 sending message 112 to peer 0x140008000 (9 bytes)
1763494666.655603 sending message 112 to peer 0x140008000 (12 bytes)
1763494666.655608 sending message 112 to peer 0x140008000 (13 bytes)
1763494666.655613 sending message 112 to peer 0x140008000 (13 bytes)
1763494666.655618 sending message 112 to peer 0x140008000 (13 bytes)
1763494666.655623 sending message 112 to peer 0x140008000 (13 bytes)
1763494666.655628 sending message 112 to peer 0x140008000 (13 bytes)
1763494666.655632 sending message 112 to peer 0x140008000 (9 bytes)
1763494666.655637 sending message 112 to peer 0x140008000 (12 bytes)
1763494666.655642 sending message 112 to peer 0x140008000 (13 bytes)
1763494666.655653 sending message 112 to peer 0x140008000 (13 bytes)
1763494666.655658 sending message 112 to peer 0x140008000 (13 bytes)
1763494666.655663 sending message 112 to peer 0x140008000 (13 bytes)
1763494666.655668 sending message 112 to peer 0x140008000 (13 bytes)
1763494666.655673 sending message 112 to peer 0x140008000 (11 bytes)
1763494666.655678 sending message 112 to peer 0x140008000 (12 bytes)
1763494666.655684 sending message 112 to peer 0x140008000 (13 bytes)
1763494666.655691 sending message 112 to peer 0x140008000 (13 bytes)
1763494666.655697 sending message 112 to peer 0x140008000 (13 bytes)
1763494666.655703 sending message 112 to peer 0x140008000 (13 bytes)
1763494666.655708 sending message 112 to peer 0x140008000 (13 bytes)
1763494666.655714 sending message 112 to peer 0x140008000 (11 bytes)
1763494666.655719 sending message 112 to peer 0x140008000 (12 bytes)
1763494666.655724 sending message 112 to peer 0x140008000 (12 bytes)
1763494666.655730 sending message 112 to peer 0x140008000 (12 bytes)
1763494666.655734 sending message 112 to peer 0x140008000 (12 bytes)
1763494666.655739 sending message 112 to peer 0x140008000 (12 bytes)
1763494666.655744 sending message 112 to peer 0x140008000 (21 bytes)
1763494666.655749 sending message 112 to peer 0x140008000 (12 bytes)
1763494666.655754 sending message 112 to peer 0x140008000 (9 bytes)
1763494666.655759 sending message 112 to peer 0x140008000 (6 bytes)
1763494666.655764 sending message 112 to peer 0x140008000 (13 bytes)
1763494666.655769 sending message 112 to peer 0x140008000 (10 bytes)
1763494666.655774 sending message 112 to peer 0x140008000 (24 bytes)
1763494666.655779 sending message 112 to peer 0x140008000 (13 bytes)
1763494666.655784 sending message 112 to peer 0x140008000 (9 bytes)
1763494666.655789 sending message 112 to peer 0x140008000 (70 bytes)
1763494666.655794 sending message 112 to peer 0x140008000 (69 bytes)
1763494666.655800 sending message 112 to peer 0x140008000 (12 bytes)
1763494666.655805 sending message 112 to peer 0x140008000 (10 bytes)
1763494666.655811 sending message 112 to peer 0x140008000 (10 bytes)
1763494666.655816 sending message 112 to peer 0x140008000 (24 bytes)
1763494666.655821 sending message 112 to peer 0x140008000 (13 bytes)
1763494666.655826 sending message 112 to peer 0x140008000 (10 bytes)
1763494666.655831 sending message 112 to peer 0x140008000 (10 bytes)
1763494666.655836 sending message 112 to peer 0x140008000 (10 bytes)
1763494666.655841 sending message 112 to peer 0x140008000 (13 bytes)
1763494666.655847 sending message 112 to peer 0x140008000 (15 bytes)
1763494666.655852 sending message 112 to peer 0x140008000 (5 bytes)
1763494666.655861 sending message 104 to peer 0x140008000 (0 bytes)
1763494666.655867 sending message 110 to peer 0x140008000 (0 bytes)
1763494666.655872 sending message 107 to peer 0x140008000 (4 bytes)
1763494666.655877 sending message 105 to peer 0x140008000 (17 bytes)
1763494666.655882 sending message 105 to peer 0x140008000 (16 bytes)
1763494666.655888 sending message 105 to peer 0x140008000 (24 bytes)
1763494666.655893 sending message 105 to peer 0x140008000 (22 bytes)
1763494666.655899 sending message 105 to peer 0x140008000 (42 bytes)
1763494666.655904 sending message 105 to peer 0x140008000 (693 bytes)
1763494666.655910 sending message 105 to peer 0x140008000 (23 bytes)
1763494666.655915 sending message 105 to peer 0x140008000 (15 bytes)
1763494666.655920 sending message 105 to peer 0x140008000 (54 bytes)
1763494666.655925 sending message 105 to peer 0x140008000 (38 bytes)
1763494666.655930 sending message 105 to peer 0x140008000 (19 bytes)
1763494666.655935 sending message 105 to peer 0x140008000 (66 bytes)
1763494666.655940 sending message 105 to peer 0x140008000 (14 bytes)
1763494666.655946 sending message 105 to peer 0x140008000 (19 bytes)
1763494666.655951 sending message 105 to peer 0x140008000 (57 bytes)
1763494666.655956 sending message 105 to peer 0x140008000 (39 bytes)
1763494666.655961 sending message 105 to peer 0x140008000 (8 bytes)
1763494666.655975 sending message 105 to peer 0x140008000 (33 bytes)
1763494666.655980 sending message 105 to peer 0x140008000 (44 bytes)
1763494666.655986 sending message 105 to peer 0x140008000 (30 bytes)
1763494666.655991 sending message 105 to peer 0x140008000 (37 bytes)
1763494666.655997 sending message 105 to peer 0x140008000 (34 bytes)
1763494666.656002 sending message 105 to peer 0x140008000 (60 bytes)
1763494666.656007 sending message 105 to peer 0x140008000 (36 bytes)
1763494666.656012 sending message 105 to peer 0x140008000 (37 bytes)
1763494666.656017 sending message 105 to peer 0x140008000 (7 bytes)
1763494666.656022 sending message 105 to peer 0x140008000 (11 bytes)
1763494666.656027 sending message 105 to peer 0x140008000 (44 bytes)
1763494666.656032 sending message 105 to peer 0x140008000 (28 bytes)
1763494666.656038 sending message 105 to peer 0x140008000 (14 bytes)
1763494666.656043 sending message 105 to peer 0x140008000 (29 bytes)
1763494666.656048 sending message 105 to peer 0x140008000 (23 bytes)
1763494666.656053 sending message 105 to peer 0x140008000 (30 bytes)
1763494666.656059 sending message 105 to peer 0x140008000 (31 bytes)
1763494666.656064 sending message 105 to peer 0x140008000 (16 bytes)
1763494666.656068 sending message 105 to peer 0x140008000 (57 bytes)
1763494666.656074 sending message 105 to peer 0x140008000 (66 bytes)
1763494666.656078 sending message 105 to peer 0x140008000 (90 bytes)
1763494666.656083 sending message 105 to peer 0x140008000 (20 bytes)
1763494666.656088 sending message 105 to peer 0x140008000 (29 bytes)
1763494666.656093 sending message 105 to peer 0x140008000 (17 bytes)
1763494666.656098 sending message 105 to peer 0x140008000 (20 bytes)
1763494666.656103 sending message 105 to peer 0x140008000 (33 bytes)
1763494666.656107 sending message 105 to peer 0x140008000 (170 bytes)
1763494666.656112 sending message 105 to peer 0x140008000 (118 bytes)
1763494666.656116 sending message 105 to peer 0x140008000 (149 bytes)
1763494666.656121 sending message 105 to peer 0x140008000 (20 bytes)
1763494666.656126 sending message 105 to peer 0x140008000 (103 bytes)
1763494666.656132 sending message 105 to peer 0x140008000 (142 bytes)
1763494666.656137 sending message 105 to peer 0x140008000 (31 bytes)
1763494666.656142 sending message 105 to peer 0x140008000 (120 bytes)
1763494666.656147 sending message 105 to peer 0x140008000 (98 bytes)
1763494666.656152 sending message 105 to peer 0x140008000 (19 bytes)
1763494666.656157 sending message 105 to peer 0x140008000 (26 bytes)
1763494666.656163 sending message 105 to peer 0x140008000 (31 bytes)
1763494666.656168 sending message 105 to peer 0x140008000 (20 bytes)
1763494666.656173 sending message 105 to peer 0x140008000 (29 bytes)
1763494666.656179 sending message 105 to peer 0x140008000 (54 bytes)
1763494666.656184 sending message 105 to peer 0x140008000 (32 bytes)
1763494666.656189 sending message 105 to peer 0x140008000 (27 bytes)
1763494666.656194 sending message 105 to peer 0x140008000 (25 bytes)
1763494666.656199 sending message 106 to peer 0x140008000 (0 bytes)
1763494666.656303 sending message 200 to peer 0x140008000 (4 bytes)
1763494666.656312 client loop enter
1763494666.656341 client_signal: Child exited: 20
1763494666.708054 peer 0x140008000 message 207
1763494666.708062 sending message 208 to peer 0x140008000 (0 bytes)
1763494694.823797 peer 0x140008000 message 210
1763494694.823828 sending message 205 to peer 0x140008000 (0 bytes)
1763494694.824059 peer 0x140008000 message 204
1763494694.824071 client loop exit
